<?xml version="1.0" encoding="UTF-8"?>
<testsuite name="com.jojoldu.book.springboot.web.HelloControllerTest" tests="2" skipped="0" failures="0" errors="0" timestamp="2021-04-22T18:34:20" hostname="DESKTOP-Q1A4BDB" time="0.089">
  <properties/>
  <testcase name="helloDto_리턴" classname="com.jojoldu.book.springboot.web.HelloControllerTest" time="0.07"/>
  <testcase name="hello_리턴" classname="com.jojoldu.book.springboot.web.HelloControllerTest" time="0.018"/>
  <system-out><![CDATA[2021-04-23 03:34:18.959  INFO 22612 --- [    Test worker] .b.t.a.w.s.WebMvcTestContextBootstrapper : Neither @ContextConfiguration nor @ContextHierarchy found for test class [com.jojoldu.book.springboot.web.HelloControllerTest], using SpringBootContextLoader
2021-04-23 03:34:18.960  INFO 22612 --- [    Test worker] o.s.t.c.support.AbstractContextLoader    : Could not detect default resource locations for test class [com.jojoldu.book.springboot.web.HelloControllerTest]: no resource found for suffixes {-context.xml, Context.groovy}.
2021-04-23 03:34:18.961  INFO 22612 --- [    Test worker] t.c.s.AnnotationConfigContextLoaderUtils : Could not detect default configuration classes for test class [com.jojoldu.book.springboot.web.HelloControllerTest]: HelloControllerTest does not declare any static, non-private, non-final, nested classes annotated with @Configuration.
2021-04-23 03:34:19.014  INFO 22612 --- [    Test worker] .b.t.c.SpringBootTestContextBootstrapper : Found @SpringBootConfiguration com.jojoldu.book.springboot.Application for test class com.jojoldu.book.springboot.web.HelloControllerTest
2021-04-23 03:34:19.017  INFO 22612 --- [    Test worker] .b.t.a.w.s.WebMvcTestContextBootstrapper : Loaded default TestExecutionListener class names from location [META-INF/spring.factories]: [org.springframework.security.test.context.support.WithSecurityContextTestExecutionListener, org.springframework.security.test.context.support.ReactorContextTestExecutionListener, org.springframework.boot.test.autoconfigure.restdocs.RestDocsTestExecutionListener, org.springframework.boot.test.autoconfigure.web.client.MockRestServiceServerResetTestExecutionListener, org.springframework.boot.test.autoconfigure.web.servlet.MockMvcPrintOnlyOnFailureTestExecutionListener, org.springframework.boot.test.autoconfigure.web.servlet.WebDriverTestExecutionListener, org.springframework.boot.test.mock.mockito.MockitoTestExecutionListener, org.springframework.boot.test.mock.mockito.ResetMocksTestExecutionListener, org.springframework.test.context.web.ServletTestExecutionListener, org.springframework.test.context.support.DirtiesContextBeforeModesTestExecutionListener, org.springframework.test.context.support.DependencyInjectionTestExecutionListener, org.springframework.test.context.support.DirtiesContextTestExecutionListener, org.springframework.test.context.transaction.TransactionalTestExecutionListener, org.springframework.test.context.jdbc.SqlScriptsTestExecutionListener]
2021-04-23 03:34:19.020  INFO 22612 --- [    Test worker] .b.t.a.w.s.WebMvcTestContextBootstrapper : Using TestExecutionListeners: [org.springframework.test.context.web.ServletTestExecutionListener@4553a7e7, org.springframework.test.context.support.DirtiesContextBeforeModesTestExecutionListener@420bc7a2, org.springframework.boot.test.mock.mockito.MockitoTestExecutionListener@72578b78, org.springframework.boot.test.autoconfigure.SpringBootDependencyInjectionTestExecutionListener@51d2181c, org.springframework.test.context.support.DirtiesContextTestExecutionListener@9e6f15e, org.springframework.test.context.transaction.TransactionalTestExecutionListener@154c0117, org.springframework.test.context.jdbc.SqlScriptsTestExecutionListener@5b8e448d, org.springframework.security.test.context.support.WithSecurityContextTestExecutionListener@1addb518, org.springframework.security.test.context.support.ReactorContextTestExecutionListener@240fcb1c, org.springframework.boot.test.autoconfigure.restdocs.RestDocsTestExecutionListener@513e3233, org.springframework.boot.test.autoconfigure.web.client.MockRestServiceServerResetTestExecutionListener@783dbeb5, org.springframework.boot.test.autoconfigure.web.servlet.MockMvcPrintOnlyOnFailureTestExecutionListener@f3fa1df, org.springframework.boot.test.autoconfigure.web.servlet.WebDriverTestExecutionListener@5532cc0f, org.springframework.boot.test.mock.mockito.ResetMocksTestExecutionListener@753dd330]

  .   ____          _            __ _ _
 /\\ / ___'_ __ _ _(_)_ __  __ _ \ \ \ \
( ( )\___ | '_ | '_| | '_ \/ _` | \ \ \ \
 \\/  ___)| |_)| | | | | || (_| |  ) ) ) )
  '  |____| .__|_| |_|_| |_\__, | / / / /
 =========|_|==============|___/=/_/_/_/
 :: Spring Boot ::        (v2.1.7.RELEASE)

2021-04-23 03:34:19.143  INFO 22612 --- [    Test worker] c.j.b.s.web.HelloControllerTest          : Starting HelloControllerTest on DESKTOP-Q1A4BDB with PID 22612 (started by leehj8896 in D:\workspace\spring-study02)
2021-04-23 03:34:19.144  INFO 22612 --- [    Test worker] c.j.b.s.web.HelloControllerTest          : The following profiles are active: oauth
2021-04-23 03:34:20.151  INFO 22612 --- [    Test worker] o.s.s.concurrent.ThreadPoolTaskExecutor  : Initializing ExecutorService 'applicationTaskExecutor'
2021-04-23 03:34:20.205  INFO 22612 --- [    Test worker] o.s.b.a.w.s.WelcomePageHandlerMapping    : Adding welcome page template: index
2021-04-23 03:34:20.536  INFO 22612 --- [    Test worker] .s.s.UserDetailsServiceAutoConfiguration : 

Using generated security password: 05bbbef9-77ab-43db-96ce-a08861e084ff

2021-04-23 03:34:20.786  INFO 22612 --- [    Test worker] o.s.s.web.DefaultSecurityFilterChain     : Creating filter chain: any request, [org.springframework.security.web.context.request.async.WebAsyncManagerIntegrationFilter@e2b17c0, org.springframework.security.web.context.SecurityContextPersistenceFilter@1a2baa2b, org.springframework.security.web.header.HeaderWriterFilter@2f58ef34, org.springframework.security.web.csrf.CsrfFilter@1495a1d2, org.springframework.security.web.authentication.logout.LogoutFilter@5a8602b0, org.springframework.security.web.authentication.UsernamePasswordAuthenticationFilter@5289de40, org.springframework.security.web.authentication.ui.DefaultLoginPageGeneratingFilter@6067c600, org.springframework.security.web.authentication.ui.DefaultLogoutPageGeneratingFilter@61344b15, org.springframework.security.web.authentication.www.BasicAuthenticationFilter@a0830a9, org.springframework.security.web.savedrequest.RequestCacheAwareFilter@4c916efe, org.springframework.security.web.servletapi.SecurityContextHolderAwareRequestFilter@24580917, org.springframework.security.web.authentication.AnonymousAuthenticationFilter@2a72b2e2, org.springframework.security.web.session.SessionManagementFilter@167a403c, org.springframework.security.web.access.ExceptionTranslationFilter@5971f3bb, org.springframework.security.web.access.intercept.FilterSecurityInterceptor@49ed84b]
2021-04-23 03:34:20.807  INFO 22612 --- [    Test worker] o.s.b.t.m.w.SpringBootMockServletContext : Initializing Spring TestDispatcherServlet ''
2021-04-23 03:34:20.807  INFO 22612 --- [    Test worker] o.s.t.web.servlet.TestDispatcherServlet  : Initializing Servlet ''
2021-04-23 03:34:20.810  INFO 22612 --- [    Test worker] o.s.t.web.servlet.TestDispatcherServlet  : Completed initialization in 3 ms
2021-04-23 03:34:20.849  INFO 22612 --- [    Test worker] c.j.b.s.web.HelloControllerTest          : Started HelloControllerTest in 1.822 seconds (JVM running for 21.808)
]]></system-out>
  <system-err><![CDATA[]]></system-err>
</testsuite>
