<?xml version="1.0" encoding="UTF-8"?>
<testsuite name="com.jojoldu.book.springboot.web.HelloControllerTest" tests="2" skipped="0" failures="0" errors="0" timestamp="2021-04-23T19:44:38" hostname="DESKTOP-Q1A4BDB" time="0.293">
  <properties/>
  <testcase name="helloDto_리턴" classname="com.jojoldu.book.springboot.web.HelloControllerTest" time="0.276"/>
  <testcase name="hello_리턴" classname="com.jojoldu.book.springboot.web.HelloControllerTest" time="0.016"/>
  <system-out><![CDATA[2021-04-24 04:44:37.151  INFO 19972 --- [    Test worker] .b.t.a.w.s.WebMvcTestContextBootstrapper : Neither @ContextConfiguration nor @ContextHierarchy found for test class [com.jojoldu.book.springboot.web.HelloControllerTest], using SpringBootContextLoader
2021-04-24 04:44:37.156  INFO 19972 --- [    Test worker] o.s.t.c.support.AbstractContextLoader    : Could not detect default resource locations for test class [com.jojoldu.book.springboot.web.HelloControllerTest]: no resource found for suffixes {-context.xml, Context.groovy}.
2021-04-24 04:44:37.157  INFO 19972 --- [    Test worker] t.c.s.AnnotationConfigContextLoaderUtils : Could not detect default configuration classes for test class [com.jojoldu.book.springboot.web.HelloControllerTest]: HelloControllerTest does not declare any static, non-private, non-final, nested classes annotated with @Configuration.
2021-04-24 04:44:37.224  INFO 19972 --- [    Test worker] .b.t.c.SpringBootTestContextBootstrapper : Found @SpringBootConfiguration com.jojoldu.book.springboot.Application for test class com.jojoldu.book.springboot.web.HelloControllerTest
2021-04-24 04:44:37.226  INFO 19972 --- [    Test worker] .b.t.a.w.s.WebMvcTestContextBootstrapper : Loaded default TestExecutionListener class names from location [META-INF/spring.factories]: [org.springframework.security.test.context.support.WithSecurityContextTestExecutionListener, org.springframework.security.test.context.support.ReactorContextTestExecutionListener, org.springframework.boot.test.autoconfigure.restdocs.RestDocsTestExecutionListener, org.springframework.boot.test.autoconfigure.web.client.MockRestServiceServerResetTestExecutionListener, org.springframework.boot.test.autoconfigure.web.servlet.MockMvcPrintOnlyOnFailureTestExecutionListener, org.springframework.boot.test.autoconfigure.web.servlet.WebDriverTestExecutionListener, org.springframework.boot.test.mock.mockito.MockitoTestExecutionListener, org.springframework.boot.test.mock.mockito.ResetMocksTestExecutionListener, org.springframework.test.context.web.ServletTestExecutionListener, org.springframework.test.context.support.DirtiesContextBeforeModesTestExecutionListener, org.springframework.test.context.support.DependencyInjectionTestExecutionListener, org.springframework.test.context.support.DirtiesContextTestExecutionListener, org.springframework.test.context.transaction.TransactionalTestExecutionListener, org.springframework.test.context.jdbc.SqlScriptsTestExecutionListener]
2021-04-24 04:44:37.228  INFO 19972 --- [    Test worker] .b.t.a.w.s.WebMvcTestContextBootstrapper : Using TestExecutionListeners: [org.springframework.test.context.web.ServletTestExecutionListener@e7c0f9d, org.springframework.test.context.support.DirtiesContextBeforeModesTestExecutionListener@22242b76, org.springframework.boot.test.mock.mockito.MockitoTestExecutionListener@11f689e1, org.springframework.boot.test.autoconfigure.SpringBootDependencyInjectionTestExecutionListener@123dabfb, org.springframework.test.context.support.DirtiesContextTestExecutionListener@7cd35ec6, org.springframework.test.context.transaction.TransactionalTestExecutionListener@7f2fb5b1, org.springframework.test.context.jdbc.SqlScriptsTestExecutionListener@5a339234, org.springframework.security.test.context.support.WithSecurityContextTestExecutionListener@252e88fa, org.springframework.security.test.context.support.ReactorContextTestExecutionListener@43edc7f7, org.springframework.boot.test.autoconfigure.restdocs.RestDocsTestExecutionListener@41ed6006, org.springframework.boot.test.autoconfigure.web.client.MockRestServiceServerResetTestExecutionListener@789f83d, org.springframework.boot.test.autoconfigure.web.servlet.MockMvcPrintOnlyOnFailureTestExecutionListener@56b1d96e, org.springframework.boot.test.autoconfigure.web.servlet.WebDriverTestExecutionListener@7bce6e30, org.springframework.boot.test.mock.mockito.ResetMocksTestExecutionListener@5109dc1f]

  .   ____          _            __ _ _
 /\\ / ___'_ __ _ _(_)_ __  __ _ \ \ \ \
( ( )\___ | '_ | '_| | '_ \/ _` | \ \ \ \
 \\/  ___)| |_)| | | | | || (_| |  ) ) ) )
  '  |____| .__|_| |_|_| |_\__, | / / / /
 =========|_|==============|___/=/_/_/_/
 :: Spring Boot ::        (v2.1.7.RELEASE)

2021-04-24 04:44:37.316  INFO 19972 --- [    Test worker] c.j.b.s.web.HelloControllerTest          : Starting HelloControllerTest on DESKTOP-Q1A4BDB with PID 19972 (started by leehj8896 in D:\workspace\spring-study02)
2021-04-24 04:44:37.316  INFO 19972 --- [    Test worker] c.j.b.s.web.HelloControllerTest          : The following profiles are active: oauth
2021-04-24 04:44:38.063  INFO 19972 --- [    Test worker] o.s.s.concurrent.ThreadPoolTaskExecutor  : Initializing ExecutorService 'applicationTaskExecutor'
2021-04-24 04:44:38.117  INFO 19972 --- [    Test worker] o.s.b.a.w.s.WelcomePageHandlerMapping    : Adding welcome page template: index
2021-04-24 04:44:38.428  INFO 19972 --- [    Test worker] .s.s.UserDetailsServiceAutoConfiguration : 

Using generated security password: c8cb914b-1cbf-407f-9f76-ab16ca0f3e47

2021-04-24 04:44:38.707  INFO 19972 --- [    Test worker] o.s.s.web.DefaultSecurityFilterChain     : Creating filter chain: any request, [org.springframework.security.web.context.request.async.WebAsyncManagerIntegrationFilter@4bf7f71d, org.springframework.security.web.context.SecurityContextPersistenceFilter@76a6faae, org.springframework.security.web.header.HeaderWriterFilter@3d0a6996, org.springframework.security.web.csrf.CsrfFilter@676660ee, org.springframework.security.web.authentication.logout.LogoutFilter@38a41fe3, org.springframework.security.web.authentication.UsernamePasswordAuthenticationFilter@4a59ddf1, org.springframework.security.web.authentication.ui.DefaultLoginPageGeneratingFilter@7b0a685e, org.springframework.security.web.authentication.ui.DefaultLogoutPageGeneratingFilter@46dab758, org.springframework.security.web.authentication.www.BasicAuthenticationFilter@3ec7bcdc, org.springframework.security.web.savedrequest.RequestCacheAwareFilter@472ec4a, org.springframework.security.web.servletapi.SecurityContextHolderAwareRequestFilter@6a5a738b, org.springframework.security.web.authentication.AnonymousAuthenticationFilter@45f8c203, org.springframework.security.web.session.SessionManagementFilter@69bf1fc9, org.springframework.security.web.access.ExceptionTranslationFilter@64d2ce8e, org.springframework.security.web.access.intercept.FilterSecurityInterceptor@182c2f98]
2021-04-24 04:44:38.785  INFO 19972 --- [    Test worker] o.s.b.t.m.w.SpringBootMockServletContext : Initializing Spring TestDispatcherServlet ''
2021-04-24 04:44:38.785  INFO 19972 --- [    Test worker] o.s.t.web.servlet.TestDispatcherServlet  : Initializing Servlet ''
2021-04-24 04:44:38.816  INFO 19972 --- [    Test worker] o.s.t.web.servlet.TestDispatcherServlet  : Completed initialization in 31 ms
2021-04-24 04:44:38.872  INFO 19972 --- [    Test worker] c.j.b.s.web.HelloControllerTest          : Started HelloControllerTest in 1.635 seconds (JVM running for 19.449)
]]></system-out>
  <system-err><![CDATA[]]></system-err>
</testsuite>
