<?xml version="1.0" encoding="UTF-8"?>
<testsuite name="com.jojoldu.book.springboot.web.dto.HelloResponseDtoTest" tests="1" skipped="0" failures="0" errors="0" timestamp="2021-04-23T19:44:37" hostname="DESKTOP-Q1A4BDB" time="0.006">
  <properties/>
  <testcase name="롬복_테스트" classname="com.jojoldu.book.springboot.web.dto.HelloResponseDtoTest" time="0.006"/>
  <system-out><![CDATA[]]></system-out>
  <system-err><![CDATA[]]></system-err>
</testsuite>
