<?xml version="1.0" encoding="UTF-8"?>
<testsuite name="com.jojoldu.book.springboot.web.IndexControllerTest" tests="1" skipped="0" failures="0" errors="0" timestamp="2021-04-23T19:44:43" hostname="DESKTOP-Q1A4BDB" time="0.575">
  <properties/>
  <testcase name="메인페이지_로딩" classname="com.jojoldu.book.springboot.web.IndexControllerTest" time="0.575"/>
  <system-out><![CDATA[2021-04-24 04:44:39.180  INFO 19972 --- [    Test worker] .b.t.c.SpringBootTestContextBootstrapper : Neither @ContextConfiguration nor @ContextHierarchy found for test class [com.jojoldu.book.springboot.web.IndexControllerTest], using SpringBootContextLoader
2021-04-24 04:44:39.182  INFO 19972 --- [    Test worker] o.s.t.c.support.AbstractContextLoader    : Could not detect default resource locations for test class [com.jojoldu.book.springboot.web.IndexControllerTest]: no resource found for suffixes {-context.xml, Context.groovy}.
2021-04-24 04:44:39.182  INFO 19972 --- [    Test worker] t.c.s.AnnotationConfigContextLoaderUtils : Could not detect default configuration classes for test class [com.jojoldu.book.springboot.web.IndexControllerTest]: IndexControllerTest does not declare any static, non-private, non-final, nested classes annotated with @Configuration.
2021-04-24 04:44:39.185  INFO 19972 --- [    Test worker] .b.t.c.SpringBootTestContextBootstrapper : Found @SpringBootConfiguration com.jojoldu.book.springboot.Application for test class com.jojoldu.book.springboot.web.IndexControllerTest
2021-04-24 04:44:39.189  INFO 19972 --- [    Test worker] .b.t.c.SpringBootTestContextBootstrapper : Loaded default TestExecutionListener class names from location [META-INF/spring.factories]: [org.springframework.security.test.context.support.WithSecurityContextTestExecutionListener, org.springframework.security.test.context.support.ReactorContextTestExecutionListener, org.springframework.boot.test.autoconfigure.restdocs.RestDocsTestExecutionListener, org.springframework.boot.test.autoconfigure.web.client.MockRestServiceServerResetTestExecutionListener, org.springframework.boot.test.autoconfigure.web.servlet.MockMvcPrintOnlyOnFailureTestExecutionListener, org.springframework.boot.test.autoconfigure.web.servlet.WebDriverTestExecutionListener, org.springframework.boot.test.mock.mockito.MockitoTestExecutionListener, org.springframework.boot.test.mock.mockito.ResetMocksTestExecutionListener, org.springframework.test.context.web.ServletTestExecutionListener, org.springframework.test.context.support.DirtiesContextBeforeModesTestExecutionListener, org.springframework.test.context.support.DependencyInjectionTestExecutionListener, org.springframework.test.context.support.DirtiesContextTestExecutionListener, org.springframework.test.context.transaction.TransactionalTestExecutionListener, org.springframework.test.context.jdbc.SqlScriptsTestExecutionListener]
2021-04-24 04:44:39.192  INFO 19972 --- [    Test worker] .b.t.c.SpringBootTestContextBootstrapper : Using TestExecutionListeners: [org.springframework.test.context.web.ServletTestExecutionListener@1377d374, org.springframework.test.context.support.DirtiesContextBeforeModesTestExecutionListener@44c9cd0e, org.springframework.boot.test.mock.mockito.MockitoTestExecutionListener@4c4b0abc, org.springframework.boot.test.autoconfigure.SpringBootDependencyInjectionTestExecutionListener@2ddd7137, org.springframework.test.context.support.DirtiesContextTestExecutionListener@9ceb8b, org.springframework.test.context.transaction.TransactionalTestExecutionListener@a37e72b, org.springframework.test.context.jdbc.SqlScriptsTestExecutionListener@1ebd023b, org.springframework.security.test.context.support.WithSecurityContextTestExecutionListener@582f9c12, org.springframework.security.test.context.support.ReactorContextTestExecutionListener@3f88f42f, org.springframework.boot.test.autoconfigure.restdocs.RestDocsTestExecutionListener@ab3524a, org.springframework.boot.test.autoconfigure.web.client.MockRestServiceServerResetTestExecutionListener@7ce935fd, org.springframework.boot.test.autoconfigure.web.servlet.MockMvcPrintOnlyOnFailureTestExecutionListener@5882f97e, org.springframework.boot.test.autoconfigure.web.servlet.WebDriverTestExecutionListener@205347cd, org.springframework.boot.test.mock.mockito.ResetMocksTestExecutionListener@3062608f]

  .   ____          _            __ _ _
 /\\ / ___'_ __ _ _(_)_ __  __ _ \ \ \ \
( ( )\___ | '_ | '_| | '_ \/ _` | \ \ \ \
 \\/  ___)| |_)| | | | | || (_| |  ) ) ) )
  '  |____| .__|_| |_|_| |_\__, | / / / /
 =========|_|==============|___/=/_/_/_/
 :: Spring Boot ::        (v2.1.7.RELEASE)

2021-04-24 04:44:39.272  INFO 19972 --- [    Test worker] c.j.b.s.web.IndexControllerTest          : Starting IndexControllerTest on DESKTOP-Q1A4BDB with PID 19972 (started by leehj8896 in D:\workspace\spring-study02)
2021-04-24 04:44:39.273  INFO 19972 --- [    Test worker] c.j.b.s.web.IndexControllerTest          : The following profiles are active: oauth
2021-04-24 04:44:39.683  INFO 19972 --- [    Test worker] .s.d.r.c.RepositoryConfigurationDelegate : Bootstrapping Spring Data repositories in DEFAULT mode.
2021-04-24 04:44:39.722  INFO 19972 --- [    Test worker] .s.d.r.c.RepositoryConfigurationDelegate : Finished Spring Data repository scanning in 38ms. Found 2 repository interfaces.
2021-04-24 04:44:39.907  INFO 19972 --- [    Test worker] trationDelegate$BeanPostProcessorChecker : Bean 'org.springframework.transaction.annotation.ProxyTransactionManagementConfiguration' of type [org.springframework.transaction.annotation.ProxyTransactionManagementConfiguration$$EnhancerBySpringCGLIB$$ec87add1] is not eligible for getting processed by all BeanPostProcessors (for example: not eligible for auto-proxying)
2021-04-24 04:44:40.353  INFO 19972 --- [    Test worker] o.s.b.w.embedded.tomcat.TomcatWebServer  : Tomcat initialized with port(s): 0 (http)
2021-04-24 04:44:40.415  INFO 19972 --- [    Test worker] o.apache.catalina.core.StandardService   : Starting service [Tomcat]
2021-04-24 04:44:40.416  INFO 19972 --- [    Test worker] org.apache.catalina.core.StandardEngine  : Starting Servlet engine: [Apache Tomcat/9.0.22]
2021-04-24 04:44:40.801  INFO 19972 --- [    Test worker] o.a.c.c.C.[Tomcat].[localhost].[/]       : Initializing Spring embedded WebApplicationContext
2021-04-24 04:44:40.801  INFO 19972 --- [    Test worker] o.s.web.context.ContextLoader            : Root WebApplicationContext: initialization completed in 1524 ms
2021-04-24 04:44:41.163  INFO 19972 --- [    Test worker] com.zaxxer.hikari.HikariDataSource       : HikariPool-2 - Starting...
2021-04-24 04:44:41.166  INFO 19972 --- [    Test worker] com.zaxxer.hikari.HikariDataSource       : HikariPool-2 - Start completed.
2021-04-24 04:44:41.245  INFO 19972 --- [    Test worker] o.hibernate.jpa.internal.util.LogHelper  : HHH000204: Processing PersistenceUnitInfo [
	name: default
	...]
2021-04-24 04:44:41.260  INFO 19972 --- [    Test worker] org.hibernate.dialect.Dialect            : HHH000400: Using dialect: org.hibernate.dialect.MySQL5InnoDBDialect
Hibernate: drop table if exists posts
Hibernate: drop table if exists user
Hibernate: create table posts (id bigint not null auto_increment, created_date datetime, modified_date datetime, author varchar(255), content TEXT not null, title varchar(500) not null, primary key (id)) engine=InnoDB
Hibernate: create table user (id bigint not null auto_increment, email varchar(255) not null, name varchar(255) not null, picture varchar(255), role varchar(255) not null, primary key (id)) engine=InnoDB
2021-04-24 04:44:41.354  INFO 19972 --- [    Test worker] o.h.t.schema.internal.SchemaCreatorImpl  : HHH000476: Executing import script 'org.hibernate.tool.schema.internal.exec.ScriptSourceInputNonExistentImpl@527beeb0'
2021-04-24 04:44:41.354  INFO 19972 --- [    Test worker] j.LocalContainerEntityManagerFactoryBean : Initialized JPA EntityManagerFactory for persistence unit 'default'
2021-04-24 04:44:42.274  INFO 19972 --- [    Test worker] o.s.s.web.DefaultSecurityFilterChain     : Creating filter chain: any request, [org.springframework.security.web.context.request.async.WebAsyncManagerIntegrationFilter@4754ee69, org.springframework.security.web.context.SecurityContextPersistenceFilter@7888063b, org.springframework.security.web.header.HeaderWriterFilter@74e44321, org.springframework.security.web.authentication.logout.LogoutFilter@722d01fb, org.springframework.security.oauth2.client.web.OAuth2AuthorizationRequestRedirectFilter@598217ad, org.springframework.security.oauth2.client.web.OAuth2LoginAuthenticationFilter@950831, org.springframework.security.web.authentication.ui.DefaultLoginPageGeneratingFilter@4aac6f4b, org.springframework.security.web.authentication.ui.DefaultLogoutPageGeneratingFilter@5f0d0f0f, org.springframework.security.web.savedrequest.RequestCacheAwareFilter@43e3aa68, org.springframework.security.web.servletapi.SecurityContextHolderAwareRequestFilter@1548147e, org.springframework.security.web.authentication.AnonymousAuthenticationFilter@167b543c, org.springframework.security.web.session.SessionManagementFilter@1629325e, org.springframework.security.web.access.ExceptionTranslationFilter@508d7bb1, org.springframework.security.web.access.intercept.FilterSecurityInterceptor@18801834]
2021-04-24 04:44:42.610  INFO 19972 --- [    Test worker] o.s.s.concurrent.ThreadPoolTaskExecutor  : Initializing ExecutorService 'applicationTaskExecutor'
2021-04-24 04:44:42.635  WARN 19972 --- [    Test worker] aWebConfiguration$JpaWebMvcConfiguration : spring.jpa.open-in-view is enabled by default. Therefore, database queries may be performed during view rendering. Explicitly configure spring.jpa.open-in-view to disable this warning
2021-04-24 04:44:42.683  INFO 19972 --- [    Test worker] o.s.b.a.w.s.WelcomePageHandlerMapping    : Adding welcome page template: index
2021-04-24 04:44:43.194  INFO 19972 --- [    Test worker] s.a.ScheduledAnnotationBeanPostProcessor : No TaskScheduler/ScheduledExecutorService bean found for scheduled processing
2021-04-24 04:44:43.250  INFO 19972 --- [    Test worker] o.s.b.w.embedded.tomcat.TomcatWebServer  : Tomcat started on port(s): 65521 (http) with context path ''
2021-04-24 04:44:43.253  INFO 19972 --- [    Test worker] c.j.b.s.web.IndexControllerTest          : Started IndexControllerTest in 4.058 seconds (JVM running for 23.831)
2021-04-24 04:44:43.559  INFO 19972 --- [o-auto-1-exec-1] o.a.c.c.C.[Tomcat].[localhost].[/]       : Initializing Spring DispatcherServlet 'dispatcherServlet'
2021-04-24 04:44:43.561  INFO 19972 --- [o-auto-1-exec-1] o.s.web.servlet.DispatcherServlet        : Initializing Servlet 'dispatcherServlet'
2021-04-24 04:44:43.619  INFO 19972 --- [o-auto-1-exec-1] o.s.web.servlet.DispatcherServlet        : Completed initialization in 58 ms
Hibernate: select * from posts p order by p.id desc
]]></system-out>
  <system-err><![CDATA[]]></system-err>
</testsuite>
